Microsoft HTML Help Compiler 4.74.8702

Compiling c:\PROGRA~2\EASYPH~1.1\www\html\Gitco2\help\gitco_new_tmphhp\gitco_new.chm

Iniziamo.html
BenvenutoinGitco.html
Contattaci.html
SaridaSrl.html
DatiSoggetto.html
Annotazioni.html
Domicilio.html
Recapito.html
Dettagli.html
CambioResidenza.html
FAQ.html
gitco_new.hhc
gitco_new.hhk
hm.css

Compile time: 0 minutes, 0 seconds
13	Topics
75	Local links
0	Internet links
0	Graphics


Created c:\PROGRA~2\EASYPH~1.1\www\html\Gitco2\help\gitco_new_tmphhp\gitco_new.chm, 12,999 bytes
Compression decreased file by 11,594 bytes.
